# JRE version: Java(TM) SE Runtime Environment (8.0_152-b16) (build 1.8.0_152-b16)
# Java VM: Java HotSpot(TM) 64-Bit Server VM (25.152-b16 mixed mode windows-amd64 compressed oops)
Heap:
 PSYoungGen      total 285696K, used 168480K [0x00000000d5d80000, 0x00000000e7e00000, 0x0000000100000000)
  eden space 276992K, 60% used [0x00000000d5d80000,0x00000000e02082a0,0x00000000e6c00000)
  from space 8704K, 0% used [0x00000000e7580000,0x00000000e7580000,0x00000000e7e00000)
  to   space 9216K, 0% used [0x00000000e6c00000,0x00000000e6c00000,0x00000000e7500000)
 ParOldGen       total 76288K, used 26559K [0x0000000081800000, 0x0000000086280000, 0x00000000d5d80000)
  object space 76288K, 34% used [0x0000000081800000,0x00000000831eff50,0x0000000086280000)
 Metaspace       used 50547K, capacity 55677K, committed 55808K, reserved 1097728K
  class space    used 6816K, capacity 7815K, committed 7936K, reserved 1048576K
GC Heap History (10 events):
Event: 1435.194 GC heap before
{Heap before GC invocations=38 (full 16):
 PSYoungGen      total 287232K, used 3773K [0x00000000d5d80000, 0x00000000e8000000, 0x0000000100000000)
  eden space 276992K, 0% used [0x00000000d5d80000,0x00000000d5d80000,0x00000000e6c00000)
  from space 10240K, 36% used [0x00000000e7600000,0x00000000e79af470,0x00000000e8000000)
  to   space 10240K, 0% used [0x00000000e6c00000,0x00000000e6c00000,0x00000000e7600000)
 ParOldGen       total 76288K, used 24005K [0x0000000081800000, 0x0000000086280000, 0x00000000d5d80000)
  object space 76288K, 31% used [0x0000000081800000,0x0000000082f716b8,0x0000000086280000)
 Metaspace       used 47981K, capacity 52055K, committed 52352K, reserved 1093632K
  class space    used 6427K, capacity 7233K, committed 7296K, reserved 1048576K
Event: 1435.295 GC heap after
Heap after GC invocations=38 (full 16):
 PSYoungGen      total 287232K, used 0K [0x00000000d5d80000, 0x00000000e8000000, 0x0000000100000000)
  eden space 276992K, 0% used [0x00000000d5d80000,0x00000000d5d80000,0x00000000e6c00000)
  from space 10240K, 0% used [0x00000000e7600000,0x00000000e7600000,0x00000000e8000000)
  to   space 10240K, 0% used [0x00000000e6c00000,0x00000000e6c00000,0x00000000e7600000)
 ParOldGen       total 76288K, used 24553K [0x0000000081800000, 0x0000000086280000, 0x00000000d5d80000)
  object space 76288K, 32% used [0x0000000081800000,0x0000000082ffa4e8,0x0000000086280000)
 Metaspace       used 47952K, capacity 52007K, committed 52352K, reserved 1093632K
  class space    used 6422K, capacity 7224K, committed 7296K, reserved 1048576K
}
Event: 1457.639 GC heap before
{Heap before GC invocations=39 (full 16):
 PSYoungGen      total 287232K, used 140463K [0x00000000d5d80000, 0x00000000e8000000, 0x0000000100000000)
  eden space 276992K, 50% used [0x00000000d5d80000,0x00000000de6abe98,0x00000000e6c00000)
  from space 10240K, 0% used [0x00000000e7600000,0x00000000e7600000,0x00000000e8000000)
  to   space 10240K, 0% used [0x00000000e6c00000,0x00000000e6c00000,0x00000000e7600000)
 ParOldGen       total 76288K, used 24553K [0x0000000081800000, 0x0000000086280000, 0x00000000d5d80000)
  object space 76288K, 32% used [0x0000000081800000,0x0000000082ffa4e8,0x0000000086280000)
 Metaspace       used 48446K, capacity 52589K, committed 52736K, reserved 1095680K
  class space    used 6496K, capacity 7326K, committed 7424K, reserved 1048576K
Event: 1457.643 GC heap after
Heap after GC invocations=39 (full 16):
 PSYoungGen      total 281088K, used 3853K [0x00000000d5d80000, 0x00000000e7f00000, 0x0000000100000000)
  eden space 276992K, 0% used [0x00000000d5d80000,0x00000000d5d80000,0x00000000e6c00000)
  from space 4096K, 94% used [0x00000000e6c00000,0x00000000e6fc37a0,0x00000000e7000000)
  to   space 9728K, 0% used [0x00000000e7580000,0x00000000e7580000,0x00000000e7f00000)
 ParOldGen       total 76288K, used 24561K [0x0000000081800000, 0x0000000086280000, 0x00000000d5d80000)
  object space 76288K, 32% used [0x0000000081800000,0x0000000082ffc4e8,0x0000000086280000)
 Metaspace       used 48446K, capacity 52589K, committed 52736K, reserved 1095680K
  class space    used 6496K, capacity 7326K, committed 7424K, reserved 1048576K
}
Event: 1457.643 GC heap before
{Heap before GC invocations=40 (full 17):
 PSYoungGen      total 281088K, used 3853K [0x00000000d5d80000, 0x00000000e7f00000, 0x0000000100000000)
  eden space 276992K, 0% used [0x00000000d5d80000,0x00000000d5d80000,0x00000000e6c00000)
  from space 4096K, 94% used [0x00000000e6c00000,0x00000000e6fc37a0,0x00000000e7000000)
  to   space 9728K, 0% used [0x00000000e7580000,0x00000000e7580000,0x00000000e7f00000)
 ParOldGen       total 76288K, used 24561K [0x0000000081800000, 0x0000000086280000, 0x00000000d5d80000)
  object space 76288K, 32% used [0x0000000081800000,0x0000000082ffc4e8,0x0000000086280000)
 Metaspace       used 48446K, capacity 52589K, committed 52736K, reserved 1095680K
  class space    used 6496K, capacity 7326K, committed 7424K, reserved 1048576K
Event: 1457.752 GC heap after
Heap after GC invocations=40 (full 17):
 PSYoungGen      total 281088K, used 0K [0x00000000d5d80000, 0x00000000e7f00000, 0x0000000100000000)
  eden space 276992K, 0% used [0x00000000d5d80000,0x00000000d5d80000,0x00000000e6c00000)
  from space 4096K, 0% used [0x00000000e6c00000,0x00000000e6c00000,0x00000000e7000000)
  to   space 9728K, 0% used [0x00000000e7580000,0x00000000e7580000,0x00000000e7f00000)
 ParOldGen       total 76288K, used 25101K [0x0000000081800000, 0x0000000086280000, 0x00000000d5d80000)
  object space 76288K, 32% used [0x0000000081800000,0x00000000830834d0,0x0000000086280000)
 Metaspace       used 48417K, capacity 52541K, committed 52736K, reserved 1095680K
  class space    used 6491K, capacity 7317K, committed 7424K, reserved 1048576K
}
Event: 1678.178 GC heap before
{Heap before GC invocations=41 (full 17):
 PSYoungGen      total 281088K, used 180808K [0x00000000d5d80000, 0x00000000e7f00000, 0x0000000100000000)
  eden space 276992K, 65% used [0x00000000d5d80000,0x00000000e0e122d0,0x00000000e6c00000)
  from space 4096K, 0% used [0x00000000e6c00000,0x00000000e6c00000,0x00000000e7000000)
  to   space 9728K, 0% used [0x00000000e7580000,0x00000000e7580000,0x00000000e7f00000)
 ParOldGen       total 76288K, used 25101K [0x0000000081800000, 0x0000000086280000, 0x00000000d5d80000)
  object space 76288K, 32% used [0x0000000081800000,0x00000000830834d0,0x0000000086280000)
 Metaspace       used 50081K, capacity 55215K, committed 55424K, reserved 1097728K
  class space    used 6748K, capacity 7735K, committed 7808K, reserved 1048576K
Event: 1678.187 GC heap after
Heap after GC invocations=41 (full 17):
 PSYoungGen      total 285696K, used 4894K [0x00000000d5d80000, 0x00000000e7e00000, 0x0000000100000000)
  eden space 276992K, 0% used [0x00000000d5d80000,0x00000000d5d80000,0x00000000e6c00000)
  from space 8704K, 56% used [0x00000000e7580000,0x00000000e7a47830,0x00000000e7e00000)
  to   space 9216K, 0% used [0x00000000e6c00000,0x00000000e6c00000,0x00000000e7500000)
 ParOldGen       total 76288K, used 25109K [0x0000000081800000, 0x0000000086280000, 0x00000000d5d80000)
  object space 76288K, 32% used [0x0000000081800000,0x00000000830854d0,0x0000000086280000)
 Metaspace       used 50081K, capacity 55215K, committed 55424K, reserved 1097728K
  class space    used 6748K, capacity 7735K, committed 7808K, reserved 1048576K
}
Event: 1678.187 GC heap before
{Heap before GC invocations=42 (full 18):
 PSYoungGen      total 285696K, used 4894K [0x00000000d5d80000, 0x00000000e7e00000, 0x0000000100000000)
  eden space 276992K, 0% used [0x00000000d5d80000,0x00000000d5d80000,0x00000000e6c00000)
  from space 8704K, 56% used [0x00000000e7580000,0x00000000e7a47830,0x00000000e7e00000)
  to   space 9216K, 0% used [0x00000000e6c00000,0x00000000e6c00000,0x00000000e7500000)
 ParOldGen       total 76288K, used 25109K [0x0000000081800000, 0x0000000086280000, 0x00000000d5d80000)
  object space 76288K, 32% used [0x0000000081800000,0x00000000830854d0,0x0000000086280000)
 Metaspace       used 50081K, capacity 55215K, committed 55424K, reserved 1097728K
  class space    used 6748K, capacity 7735K, committed 7808K, reserved 1048576K
Event: 1678.412 GC heap after
Heap after GC invocations=42 (full 18):
 PSYoungGen      total 285696K, used 0K [0x00000000d5d80000, 0x00000000e7e00000, 0x0000000100000000)
  eden space 276992K, 0% used [0x00000000d5d80000,0x00000000d5d80000,0x00000000e6c00000)
  from space 8704K, 0% used [0x00000000e7580000,0x00000000e7580000,0x00000000e7e00000)
  to   space 9216K, 0% used [0x00000000e6c00000,0x00000000e6c00000,0x00000000e7500000)
 ParOldGen       total 76288K, used 26559K [0x0000000081800000, 0x0000000086280000, 0x00000000d5d80000)
  object space 76288K, 34% used [0x0000000081800000,0x00000000831eff50,0x0000000086280000)
 Metaspace       used 50052K, capacity 55167K, committed 55424K, reserved 1097728K
  class space    used 6744K, capacity 7726K, committed 7808K, reserved 1048576K
}

